<?xml version="1.0" encoding="UTF-8" ?>
<testsuite tests="20" failures="0" name="kg.apc.jmeter.modifiers.RawRequestSourcePreProcessorTest" time="0.459" errors="0" skipped="0">
  <properties>
[...]
</properties>
  <testcase classname="kg.apc.jmeter.modifiers.RawRequestSourcePreProcessorTest" name="testSetVarName" time="0.004"/>
  <testcase classname="kg.apc.jmeter.modifiers.RawRequestSourcePreProcessorTest" name="testProcess_broken" time="0.005"/>
  <testcase classname="kg.apc.jmeter.modifiers.RawRequestSourcePreProcessorTest" name="testIsHexEncode" time="0"/>
  <testcase classname="kg.apc.jmeter.modifiers.RawRequestSourcePreProcessorTest" name="testSerialization" time="0.007"/>
  <testcase classname="kg.apc.jmeter.modifiers.RawRequestSourcePreProcessorTest" name="testProcess_bug2" time="0.008"/>
  <testcase classname="kg.apc.jmeter.modifiers.RawRequestSourcePreProcessorTest" name="testTestEnded_String" time="0"/>
  <testcase classname="kg.apc.jmeter.modifiers.RawRequestSourcePreProcessorTest" name="testTestEnded_0args" time="0.001"/>
  <testcase classname="kg.apc.jmeter.modifiers.RawRequestSourcePreProcessorTest" name="testProcess_file_not_found" time="0.001"/>
  <testcase classname="kg.apc.jmeter.modifiers.RawRequestSourcePreProcessorTest" name="testSetRewindOnEOF" time="0"/>
  <testcase classname="kg.apc.jmeter.modifiers.RawRequestSourcePreProcessorTest" name="testProcess" time="0.004"/>
  <testcase classname="kg.apc.jmeter.modifiers.RawRequestSourcePreProcessorTest" name="testProcess_nonzeroterminated" time="0.007"/>
  <testcase classname="kg.apc.jmeter.modifiers.RawRequestSourcePreProcessorTest" name="testProcess_crlf_metaline" time="0.003"/>
  <testcase classname="kg.apc.jmeter.modifiers.RawRequestSourcePreProcessorTest" name="testSetEncodeHex" time="0"/>
  <testcase classname="kg.apc.jmeter.modifiers.RawRequestSourcePreProcessorTest" name="testTestStarted_String" time="0.001"/>
  <testcase classname="kg.apc.jmeter.modifiers.RawRequestSourcePreProcessorTest" name="testGetVarName" time="0"/>
  <testcase classname="kg.apc.jmeter.modifiers.RawRequestSourcePreProcessorTest" name="testSetFileName" time="0.001"/>
  <testcase classname="kg.apc.jmeter.modifiers.RawRequestSourcePreProcessorTest" name="testGetFileName" time="0"/>
  <testcase classname="kg.apc.jmeter.modifiers.RawRequestSourcePreProcessorTest" name="testGetRewindOnEOF" time="0"/>
  <testcase classname="kg.apc.jmeter.modifiers.RawRequestSourcePreProcessorTest" name="testTestStarted_0args" time="0"/>
  <testcase classname="kg.apc.jmeter.modifiers.RawRequestSourcePreProcessorTest" name="testProcess_zeroterminated" time="0.002"/>
</testsuite>