<?xml version="1.0" encoding="UTF-8" ?>
<testsuite tests="9" failures="0" name="com.googlecode.jmeter.plugins.webdriver.config.gui.FirefoxDriverConfigGuiTest" time="0.089" errors="0" skipped="0">
  <properties>
[...]
</properties>
  <testcase classname="com.googlecode.jmeter.plugins.webdriver.config.gui.FirefoxDriverConfigGuiTest" name="shouldNotOverrideUserAgent" time="0.019"/>
  <testcase classname="com.googlecode.jmeter.plugins.webdriver.config.gui.FirefoxDriverConfigGuiTest" name="shouldReturnStaticLabel" time="0.008"/>
  <testcase classname="com.googlecode.jmeter.plugins.webdriver.config.gui.FirefoxDriverConfigGuiTest" name="shouldReturnFirefoxDriverConfig" time="0.009"/>
  <testcase classname="com.googlecode.jmeter.plugins.webdriver.config.gui.FirefoxDriverConfigGuiTest" name="shouldSetFirefoxDriverConfigOnConfigure" time="0.009"/>
  <testcase classname="com.googlecode.jmeter.plugins.webdriver.config.gui.FirefoxDriverConfigGuiTest" name="shouldReturnCanonicalClassNameAsLabelResource" time="0.008"/>
  <testcase classname="com.googlecode.jmeter.plugins.webdriver.config.gui.FirefoxDriverConfigGuiTest" name="shouldResetValuesOnClearGui" time="0.007"/>
  <testcase classname="com.googlecode.jmeter.plugins.webdriver.config.gui.FirefoxDriverConfigGuiTest" name="shouldReturnWikiPage" time="0.005"/>
  <testcase classname="com.googlecode.jmeter.plugins.webdriver.config.gui.FirefoxDriverConfigGuiTest" name="shouldOverrideUserAgent" time="0.006"/>
  <testcase classname="com.googlecode.jmeter.plugins.webdriver.config.gui.FirefoxDriverConfigGuiTest" name="shouldEnableProxyAndExperimental" time="0.006"/>
</testsuite>